#
# There is insufficient memory for the Java Runtime Environment to continue.
# Native memory allocation (mmap) failed to map 268435456 bytes for committing reserved memory.
# Possible reasons:
#   The system is out of physical RAM or swap space
#   In 32 bit mode, the process size limit was hit
# Possible solutions:
#   Reduce memory load on the system
#   Increase physical memory or swap space
#   Check if swap backing store is full
#   Use 64 bit Java on a 64 bit OS
#   Decrease Java heap size (-Xmx/-Xms)
#   Decrease number of Java threads
#   Decrease Java thread stack sizes (-Xss)
#   Set larger code cache with -XX:ReservedCodeCacheSize=
# This output file may be truncated or incomplete.
#
#  Out of Memory Error (os_linux.cpp:2643), pid=1918, tid=0x00007fad75ad9700
#
# JRE version:  (8.0_171-b11) (build )
# Java VM: OpenJDK 64-Bit Server VM (25.171-b11 mixed mode linux-amd64 compressed oops)
# Failed to write core dump. Core dumps have been disabled. To enable core dumping, try "ulimit -c unlimited" before starting Java again
#

---------------  T H R E A D  ---------------

Current thread (0x00007fad6c00b800):  JavaThread "Unknown thread" [_thread_in_vm, id=1920, stack(0x00007fad759d9000,0x00007fad75ada000)]

Stack: [0x00007fad759d9000,0x00007fad75ada000],  sp=0x00007fad75ad85a0,  free space=1021k
Native frames: (J=compiled Java code, j=interpreted, Vv=VM code, C=native code)
V  [libjvm.so+0xaab4b2]
V  [libjvm.so+0x4d7a57]
V  [libjvm.so+0x8e6740]
V  [libjvm.so+0x8e0c9e]
V  [libjvm.so+0x9614b6]
V  [libjvm.so+0x9517ec]
V  [libjvm.so+0x2b2f0e]
V  [libjvm.so+0x90e441]
V  [libjvm.so+0xa6daaa]
V  [libjvm.so+0xa6dd95]
V  [libjvm.so+0x623d5f]
V  [libjvm.so+0xa514eb]
V  [libjvm.so+0x6a6db1]  JNI_CreateJavaVM+0x61
C  [libjli.so+0x2ce3]
C  [libjli.so+0x777d]
C  [libpthread.so.0+0x77fc]  start_thread+0xdc


---------------  P R O C E S S  ---------------

Java Threads: ( => current thread )

Other Threads:

=>0x00007fad6c00b800 (exited) JavaThread "Unknown thread" [_thread_in_vm, id=1920, stack(0x00007fad759d9000,0x00007fad75ada000)]

VM state:not at safepoint (not fully initialized)

VM Mutex/Monitor currently owned by a thread: None

GC Heap History (0 events):
No events

Deoptimization events (0 events):
No events

Classes redefined (0 events):
No events

Internal exceptions (0 events):
No events

Events (0 events):
No events


Dynamic libraries:
f0000000-f5580000 ---p 00000000 00:00 0 
f5580000-fd580000 rw-p 00000000 00:00 0 
fd580000-100000000 ---p 00000000 00:00 0 
56172b7e2000-56172b7e3000 r-xp 00000000 08:02 1180524                    /usr/lib/jvm/java-8-openjdk-amd64/jre/bin/java
56172b9e2000-56172b9e3000 r--p 00000000 08:02 1180524                    /usr/lib/jvm/java-8-openjdk-amd64/jre/bin/java
56172b9e3000-56172b9e4000 rw-p 00001000 08:02 1180524                    /usr/lib/jvm/java-8-openjdk-amd64/jre/bin/java
56172bf69000-56172bf8a000 rw-p 00000000 00:00 0                          [heap]
7fad5d000000-7fad5d270000 rwxp 00000000 00:00 0 
7fad5d270000-7fad6c000000 ---p 00000000 00:00 0 
7fad6c000000-7fad6c033000 rw-p 00000000 00:00 0 
7fad6c033000-7fad70000000 ---p 00000000 00:00 0 
7fad71ee5000-7fad71f8f000 ---p 00000000 00:00 0 
7fad71f8f000-7fad71fd0000 rw-p 00000000 00:00 0 
7fad71fd0000-7fad71fe5000 ---p 00000000 00:00 0 
7fad71fe5000-7fad71ff0000 rw-p 00000000 00:00 0 
7fad71ff0000-7fad723a6000 ---p 00000000 00:00 0 
7fad723a6000-7fad723ae000 r-xp 00000000 08:02 1180576                    /usr/lib/jvm/java-8-openjdk-amd64/jre/lib/amd64/libzip.so
7fad723ae000-7fad725ad000 ---p 00008000 08:02 1180576                    /usr/lib/jvm/java-8-openjdk-amd64/jre/lib/amd64/libzip.so
7fad725ad000-7fad725ae000 r--p 00007000 08:02 1180576                    /usr/lib/jvm/java-8-openjdk-amd64/jre/lib/amd64/libzip.so
7fad725ae000-7fad725af000 rw-p 00008000 08:02 1180576                    /usr/lib/jvm/java-8-openjdk-amd64/jre/lib/amd64/libzip.so
7fad725af000-7fad725ba000 r-xp 00000000 08:02 12325391                   /lib/x86_64-linux-gnu/libnss_files-2.26.so
7fad725ba000-7fad727b9000 ---p 0000b000 08:02 12325391                   /lib/x86_64-linux-gnu/libnss_files-2.26.so
7fad727b9000-7fad727ba000 r--p 0000a000 08:02 12325391                   /lib/x86_64-linux-gnu/libnss_files-2.26.so
7fad727ba000-7fad727bb000 rw-p 0000b000 08:02 12325391                   /lib/x86_64-linux-gnu/libnss_files-2.26.so
7fad727bb000-7fad727c1000 rw-p 00000000 00:00 0 
7fad727c1000-7fad727cc000 r-xp 00000000 08:02 12325416                   /lib/x86_64-linux-gnu/libnss_nis-2.26.so
7fad727cc000-7fad729cb000 ---p 0000b000 08:02 12325416                   /lib/x86_64-linux-gnu/libnss_nis-2.26.so
7fad729cb000-7fad729cc000 r--p 0000a000 08:02 12325416                   /lib/x86_64-linux-gnu/libnss_nis-2.26.so
7fad729cc000-7fad729cd000 rw-p 0000b000 08:02 12325416                   /lib/x86_64-linux-gnu/libnss_nis-2.26.so
7fad729cd000-7fad729e4000 r-xp 00000000 08:02 12325334                   /lib/x86_64-linux-gnu/libnsl-2.26.so
7fad729e4000-7fad72be3000 ---p 00017000 08:02 12325334                   /lib/x86_64-linux-gnu/libnsl-2.26.so
7fad72be3000-7fad72be4000 r--p 00016000 08:02 12325334                   /lib/x86_64-linux-gnu/libnsl-2.26.so
7fad72be4000-7fad72be5000 rw-p 00017000 08:02 12325334                   /lib/x86_64-linux-gnu/libnsl-2.26.so
7fad72be5000-7fad72be7000 rw-p 00000000 00:00 0 
7fad72be7000-7fad72bef000 r-xp 00000000 08:02 12325335                   /lib/x86_64-linux-gnu/libnss_compat-2.26.so
7fad72bef000-7fad72dee000 ---p 00008000 08:02 12325335                   /lib/x86_64-linux-gnu/libnss_compat-2.26.so
7fad72dee000-7fad72def000 r--p 00007000 08:02 12325335                   /lib/x86_64-linux-gnu/libnss_compat-2.26.so
7fad72def000-7fad72df0000 rw-p 00008000 08:02 12325335                   /lib/x86_64-linux-gnu/libnss_compat-2.26.so
7fad72df0000-7fad72e1e000 r-xp 00000000 08:02 1180555                    /usr/lib/jvm/java-8-openjdk-amd64/jre/lib/amd64/libjava.so
7fad72e1e000-7fad7301d000 ---p 0002e000 08:02 1180555                    /usr/lib/jvm/java-8-openjdk-amd64/jre/lib/amd64/libjava.so
7fad7301d000-7fad7301e000 r--p 0002d000 08:02 1180555                    /usr/lib/jvm/java-8-openjdk-amd64/jre/lib/amd64/libjava.so
7fad7301e000-7fad73020000 rw-p 0002e000 08:02 1180555                    /usr/lib/jvm/java-8-openjdk-amd64/jre/lib/amd64/libjava.so
7fad73020000-7fad73030000 r-xp 00000000 08:02 1180575                    /usr/lib/jvm/java-8-openjdk-amd64/jre/lib/amd64/libverify.so
7fad73030000-7fad7322f000 ---p 00010000 08:02 1180575                    /usr/lib/jvm/java-8-openjdk-amd64/jre/lib/amd64/libverify.so
7fad7322f000-7fad73231000 r--p 0000f000 08:02 1180575                    /usr/lib/jvm/java-8-openjdk-amd64/jre/lib/amd64/libverify.so
7fad73231000-7fad73232000 rw-p 00011000 08:02 1180575                    /usr/lib/jvm/java-8-openjdk-amd64/jre/lib/amd64/libverify.so
7fad73232000-7fad73239000 r-xp 00000000 08:02 12326094                   /lib/x86_64-linux-gnu/librt-2.26.so
7fad73239000-7fad73438000 ---p 00007000 08:02 12326094                   /lib/x86_64-linux-gnu/librt-2.26.so
7fad73438000-7fad73439000 r--p 00006000 08:02 12326094                   /lib/x86_64-linux-gnu/librt-2.26.so
7fad73439000-7fad7343a000 rw-p 00007000 08:02 12326094                   /lib/x86_64-linux-gnu/librt-2.26.so
7fad7343a000-7fad73450000 r-xp 00000000 08:02 12320784                   /lib/x86_64-linux-gnu/libgcc_s.so.1
7fad73450000-7fad7364f000 ---p 00016000 08:02 12320784                   /lib/x86_64-linux-gnu/libgcc_s.so.1
7fad7364f000-7fad73650000 r--p 00015000 08:02 12320784                   /lib/x86_64-linux-gnu/libgcc_s.so.1
7fad73650000-7fad73651000 rw-p 00016000 08:02 12320784                   /lib/x86_64-linux-gnu/libgcc_s.so.1
7fad73651000-7fad737a6000 r-xp 00000000 08:02 12325296                   /lib/x86_64-linux-gnu/libm-2.26.so
7fad737a6000-7fad739a5000 ---p 00155000 08:02 12325296                   /lib/x86_64-linux-gnu/libm-2.26.so
7fad739a5000-7fad739a6000 r--p 00154000 08:02 12325296                   /lib/x86_64-linux-gnu/libm-2.26.so
7fad739a6000-7fad739a7000 rw-p 00155000 08:02 12325296                   /lib/x86_64-linux-gnu/libm-2.26.so
7fad739a7000-7fad73b1f000 r-xp 00000000 08:02 1048762                    /usr/lib/x86_64-linux-gnu/libstdc++.so.6.0.24
7fad73b1f000-7fad73d1e000 ---p 00178000 08:02 1048762                    /usr/lib/x86_64-linux-gnu/libstdc++.so.6.0.24
7fad73d1e000-7fad73d28000 r--p 00177000 08:02 1048762                    /usr/lib/x86_64-linux-gnu/libstdc++.so.6.0.24
7fad73d28000-7fad73d2a000 rw-p 00181000 08:02 1048762                    /usr/lib/x86_64-linux-gnu/libstdc++.so.6.0.24
7fad73d2a000-7fad73d2d000 rw-p 00000000 00:00 0 
7fad73d2d000-7fad749be000 r-xp 00000000 08:02 1180578                    /usr/lib/jvm/java-8-openjdk-amd64/jre/lib/amd64/server/libjvm.so
7fad749be000-7fad74bbe000 ---p 00c91000 08:02 1180578                    /usr/lib/jvm/java-8-openjdk-amd64/jre/lib/amd64/server/libjvm.so
7fad74bbe000-7fad74c51000 r--p 00c91000 08:02 1180578                    /usr/lib/jvm/java-8-openjdk-amd64/jre/lib/amd64/server/libjvm.so
7fad74c51000-7fad74c79000 rw-p 00d24000 08:02 1180578                    /usr/lib/jvm/java-8-openjdk-amd64/jre/lib/amd64/server/libjvm.so
7fad74c79000-7fad74caa000 rw-p 00000000 00:00 0 
7fad74caa000-7fad74cc4000 r-xp 00000000 08:02 12326092                   /lib/x86_64-linux-gnu/libpthread-2.26.so
7fad74cc4000-7fad74ec3000 ---p 0001a000 08:02 12326092                   /lib/x86_64-linux-gnu/libpthread-2.26.so
7fad74ec3000-7fad74ec4000 r--p 00019000 08:02 12326092                   /lib/x86_64-linux-gnu/libpthread-2.26.so
7fad74ec4000-7fad74ec5000 rw-p 0001a000 08:02 12326092                   /lib/x86_64-linux-gnu/libpthread-2.26.so
7fad74ec5000-7fad74ec9000 rw-p 00000000 00:00 0 
7fad74ec9000-7fad74ecc000 r-xp 00000000 08:02 12325295                   /lib/x86_64-linux-gnu/libdl-2.26.so
7fad74ecc000-7fad750cb000 ---p 00003000 08:02 12325295                   /lib/x86_64-linux-gnu/libdl-2.26.so
7fad750cb000-7fad750cc000 r--p 00002000 08:02 12325295                   /lib/x86_64-linux-gnu/libdl-2.26.so
7fad750cc000-7fad750cd000 rw-p 00003000 08:02 12325295                   /lib/x86_64-linux-gnu/libdl-2.26.so
7fad750cd000-7fad750e9000 r-xp 00000000 08:02 12325453                   /lib/x86_64-linux-gnu/libz.so.1.2.11
7fad750e9000-7fad752e8000 ---p 0001c000 08:02 12325453                   /lib/x86_64-linux-gnu/libz.so.1.2.11
7fad752e8000-7fad752e9000 r--p 0001b000 08:02 12325453                   /lib/x86_64-linux-gnu/libz.so.1.2.11
7fad752e9000-7fad752ea000 rw-p 0001c000 08:02 12325453                   /lib/x86_64-linux-gnu/libz.so.1.2.11
7fad752ea000-7fad754c0000 r-xp 00000000 08:02 12325292                   /lib/x86_64-linux-gnu/libc-2.26.so
7fad754c0000-7fad756c0000 ---p 001d6000 08:02 12325292                   /lib/x86_64-linux-gnu/libc-2.26.so
7fad756c0000-7fad756c4000 r--p 001d6000 08:02 12325292                   /lib/x86_64-linux-gnu/libc-2.26.so
7fad756c4000-7fad756c6000 rw-p 001da000 08:02 12325292                   /lib/x86_64-linux-gnu/libc-2.26.so
7fad756c6000-7fad756ca000 rw-p 00000000 00:00 0 
7fad756ca000-7fad756d8000 r-xp 00000000 08:02 1180540                    /usr/lib/jvm/java-8-openjdk-amd64/jre/lib/amd64/jli/libjli.so
7fad756d8000-7fad758d7000 ---p 0000e000 08:02 1180540                    /usr/lib/jvm/java-8-openjdk-amd64/jre/lib/amd64/jli/libjli.so
7fad758d7000-7fad758d8000 r--p 0000d000 08:02 1180540                    /usr/lib/jvm/java-8-openjdk-amd64/jre/lib/amd64/jli/libjli.so
7fad758d8000-7fad758d9000 rw-p 0000e000 08:02 1180540                    /usr/lib/jvm/java-8-openjdk-amd64/jre/lib/amd64/jli/libjli.so
7fad758d9000-7fad75900000 r-xp 00000000 08:02 12320792                   /lib/x86_64-linux-gnu/ld-2.26.so
7fad759d9000-7fad759dc000 ---p 00000000 00:00 0 
7fad759dc000-7fad75adc000 rw-p 00000000 00:00 0 
7fad75af4000-7fad75afc000 rw-s 00000000 08:02 21896929                   /tmp/hsperfdata_khoudi/1918
7fad75afc000-7fad75afd000 rw-p 00000000 00:00 0 
7fad75afd000-7fad75afe000 r--p 00000000 00:00 0 
7fad75afe000-7fad75b00000 rw-p 00000000 00:00 0 
7fad75b00000-7fad75b01000 r--p 00027000 08:02 12320792                   /lib/x86_64-linux-gnu/ld-2.26.so
7fad75b01000-7fad75b02000 rw-p 00028000 08:02 12320792                   /lib/x86_64-linux-gnu/ld-2.26.so
7fad75b02000-7fad75b03000 rw-p 00000000 00:00 0 
7ffd686dd000-7ffd686ff000 rw-p 00000000 00:00 0                          [stack]
7ffd6871e000-7ffd68721000 r--p 00000000 00:00 0                          [vvar]
7ffd68721000-7ffd68723000 r-xp 00000000 00:00 0                          [vdso]
ffffffffff600000-ffffffffff601000 r-xp 00000000 00:00 0                  [vsyscall]

VM Arguments:
jvm_args: -Xms384M -Xmx512M -XX:MaxPermSize=256M -Dclassworlds.conf=/home/khoudi/netbeans-8.2/java/maven/bin/m2.conf -Dmaven.home=/home/khoudi/netbeans-8.2/java/maven 
java_command: org.codehaus.plexus.classworlds.launcher.Launcher -Dexec.args=-classpath %classpath gui.CreateGroup -Dexec.executable=/usr/lib/jvm/java-1.8.0-openjdk-amd64/bin/java -Dexec.classpathScope=runtime -Dmaven.ext.class.path=/home/khoudi/netbeans-8.2/java/maven-nblib/netbeans-eventspy.jar org.codehaus.mojo:exec-maven-plugin:1.2.1:exec
java_class_path (initial): /home/khoudi/netbeans-8.2/java/maven/boot/plexus-classworlds-2.4.jar
Launcher Type: SUN_STANDARD

Environment Variables:
JAVA_HOME=/usr/lib/jvm/java-1.8.0-openjdk-amd64
PATH=PATH=/opt/maven/bin:/usr/local/sbin:/usr/local/bin:/usr/sbin:/usr/bin:/sbin:/bin:/usr/games:/usr/local/games:/snap/bin:/home/khoudi/bin:/usr/local/java/jdk1.8.0_161/bin:/usr/lib/jvm/jdk-11.0.1/bin
USERNAME=khoudi
LD_LIBRARY_PATH=/usr/lib/jvm/java-1.8.0-openjdk-amd64/jre/lib/amd64:/usr/lib/jvm/java-1.8.0-openjdk-amd64/jre/lib/i386:
SHELL=/bin/bash
DISPLAY=:1

Signal Handlers:
SIGSEGV: [libjvm.so+0xaabe00], sa_mask[0]=11111111011111111101111111111110, sa_flags=SA_RESTART|SA_SIGINFO
SIGBUS: [libjvm.so+0xaabe00], sa_mask[0]=11111111011111111101111111111110, sa_flags=SA_RESTART|SA_SIGINFO
SIGFPE: [libjvm.so+0x8e1dd0], sa_mask[0]=11111111011111111101111111111110, sa_flags=SA_RESTART|SA_SIGINFO
SIGPIPE: [libjvm.so+0x8e1dd0], sa_mask[0]=11111111011111111101111111111110, sa_flags=SA_RESTART|SA_SIGINFO
SIGXFSZ: [libjvm.so+0x8e1dd0], sa_mask[0]=11111111011111111101111111111110, sa_flags=SA_RESTART|SA_SIGINFO
SIGILL: [libjvm.so+0x8e1dd0], sa_mask[0]=11111111011111111101111111111110, sa_flags=SA_RESTART|SA_SIGINFO
SIGUSR1: SIG_DFL, sa_mask[0]=00000000000000000000000000000000, sa_flags=none
SIGUSR2: [libjvm.so+0x8e1c80], sa_mask[0]=00100000000000000000000000000000, sa_flags=SA_RESTART|SA_SIGINFO
SIGHUP: SIG_DFL, sa_mask[0]=00000000000000000000000000000000, sa_flags=none
SIGINT: SIG_IGN, sa_mask[0]=00000000000000000000000000000000, sa_flags=none
SIGTERM: SIG_DFL, sa_mask[0]=00000000000000000000000000000000, sa_flags=none
SIGQUIT: SIG_DFL, sa_mask[0]=00000000000000000000000000000000, sa_flags=none


---------------  S Y S T E M  ---------------

OS:DISTRIB_ID=Ubuntu
DISTRIB_RELEASE=17.10
DISTRIB_CODENAME=artful
DISTRIB_DESCRIPTION="Ubuntu 17.10"

uname:Linux 4.13.0-46-generic #51-Ubuntu SMP Tue Jun 12 12:36:29 UTC 2018 x86_64
libc:glibc 2.26 NPTL 2.26 
rlimit: STACK 8192k, CORE 0k, NPROC 63038, NOFILE 4096, AS infinity
load average:7.87 4.12 2.27

/proc/meminfo:
MemTotal:       16303884 kB
MemFree:          188424 kB
MemAvailable:     142700 kB
Buffers:           29828 kB
Cached:           424668 kB
SwapCached:            0 kB
Active:         15285716 kB
Inactive:         360796 kB
Active(anon):   15178052 kB
Inactive(anon):   281488 kB
Active(file):     107664 kB
Inactive(file):    79308 kB
Unevictable:         144 kB
Mlocked:             144 kB
SwapTotal:             0 kB
SwapFree:              0 kB
Dirty:               428 kB
Writeback:             0 kB
AnonPages:      15192720 kB
Mapped:           486304 kB
Shmem:            292816 kB
Slab:             145116 kB
SReclaimable:      58348 kB
SUnreclaim:        86768 kB
KernelStack:       21776 kB
PageTables:       100092 kB
NFS_Unstable:          0 kB
Bounce:                0 kB
WritebackTmp:          0 kB
CommitLimit:     8151940 kB
Committed_AS:   18073364 kB
VmallocTotal:   34359738367 kB
VmallocUsed:           0 kB
VmallocChunk:          0 kB
HardwareCorrupted:     0 kB
AnonHugePages:         0 kB
ShmemHugePages:        0 kB
ShmemPmdMapped:        0 kB
CmaTotal:              0 kB
CmaFree:               0 kB
HugePages_Total:       0
HugePages_Free:        0
HugePages_Rsvd:        0
HugePages_Surp:        0
Hugepagesize:       2048 kB
DirectMap4k:      406856 kB
DirectMap2M:    15200256 kB
DirectMap1G:     1048576 kB


CPU:total 8 (initial active 8) (4 cores per cpu, 2 threads per core) family 6 model 158 stepping 9, cmov, cx8, fxsr, mmx, sse, sse2, sse3, ssse3, sse4.1, sse4.2, popcnt, avx, avx2, aes, clmul, erms, 3dnowpref, lzcnt, ht, tsc, tscinvbit, bmi1, bmi2, adx

/proc/cpuinfo:
processor	: 0
vendor_id	: GenuineIntel
cpu family	: 6
model		: 158
model name	: Intel(R) Core(TM) i7-7700HQ CPU @ 2.80GHz
stepping	: 9
microcode	: 0x84
cpu MHz		: 3400.214
cache size	: 6144 KB
physical id	: 0
siblings	: 8
core id		: 0
cpu cores	: 4
apicid		: 0
initial apicid	: 0
fpu		: yes
fpu_exception	: yes
cpuid level	: 22
wp		: yes
flags		: fpu vme de pse tsc msr pae mce cx8 apic sep mtrr pge mca cmov pat pse36 clflush dts acpi mmx fxsr sse sse2 ss ht tm pbe syscall nx pdpe1gb rdtscp lm constant_tsc art arch_perfmon pebs bts rep_good nopl xtopology nonstop_tsc cpuid aperfmperf tsc_known_freq pni pclmulqdq dtes64 monitor ds_cpl vmx est tm2 ssse3 sdbg fma cx16 xtpr pdcm pcid sse4_1 sse4_2 x2apic movbe popcnt tsc_deadline_timer aes xsave avx f16c rdrand lahf_lm abm 3dnowprefetch cpuid_fault epb invpcid_single pti retpoline intel_pt rsb_ctxsw spec_ctrl tpr_shadow vnmi flexpriority ept vpid fsgsbase tsc_adjust bmi1 avx2 smep bmi2 erms invpcid mpx rdseed adx smap clflushopt xsaveopt xsavec xgetbv1 xsaves dtherm ida arat pln pts hwp hwp_notify hwp_act_window hwp_epp
bugs		: cpu_meltdown spectre_v1 spectre_v2 spec_store_bypass
bogomips	: 5616.00
clflush size	: 64
cache_alignment	: 64
address sizes	: 39 bits physical, 48 bits virtual
power management:

processor	: 1
vendor_id	: GenuineIntel
cpu family	: 6
model		: 158
model name	: Intel(R) Core(TM) i7-7700HQ CPU @ 2.80GHz
stepping	: 9
microcode	: 0x84
cpu MHz		: 3400.253
cache size	: 6144 KB
physical id	: 0
siblings	: 8
core id		: 1
cpu cores	: 4
apicid		: 2
initial apicid	: 2
fpu		: yes
fpu_exception	: yes
cpuid level	: 22
wp		: yes
flags		: fpu vme de pse tsc msr pae mce cx8 apic sep mtrr pge mca cmov pat pse36 clflush dts acpi mmx fxsr sse sse2 ss ht tm pbe syscall nx pdpe1gb rdtscp lm constant_tsc art arch_perfmon pebs bts rep_good nopl xtopology nonstop_tsc cpuid aperfmperf tsc_known_freq pni pclmulqdq dtes64 monitor ds_cpl vmx est tm2 ssse3 sdbg fma cx16 xtpr pdcm pcid sse4_1 sse4_2 x2apic movbe popcnt tsc_deadline_timer aes xsave avx f16c rdrand lahf_lm abm 3dnowprefetch cpuid_fault epb invpcid_single pti retpoline intel_pt rsb_ctxsw tpr_shadow vnmi flexpriority ept vpid fsgsbase tsc_adjust bmi1 avx2 smep bmi2 erms invpcid mpx rdseed adx smap clflushopt xsaveopt xsavec xgetbv1 xsaves dtherm ida arat pln pts hwp hwp_notify hwp_act_window hwp_epp
bugs		: cpu_meltdown spectre_v1 spectre_v2 spec_store_bypass
bogomips	: 5616.00
clflush size	: 64
cache_alignment	: 64
address sizes	: 39 bits physical, 48 bits virtual
power management:

processor	: 2
vendor_id	: GenuineIntel
cpu family	: 6
model		: 158
model name	: Intel(R) Core(TM) i7-7700HQ CPU @ 2.80GHz
stepping	: 9
microcode	: 0x84
cpu MHz		: 3400.476
cache size	: 6144 KB
physical id	: 0
siblings	: 8
core id		: 2
cpu cores	: 4
apicid		: 4
initial apicid	: 4
fpu		: yes
fpu_exception	: yes
cpuid level	: 22
wp		: yes
flags		: fpu vme de pse tsc msr pae mce cx8 apic sep mtrr pge mca cmov pat pse36 clflush dts acpi mmx fxsr sse sse2 ss ht tm pbe syscall nx pdpe1gb rdtscp lm constant_tsc art arch_perfmon pebs bts rep_good nopl xtopology nonstop_tsc cpuid aperfmperf tsc_known_freq pni pclmulqdq dtes64 monitor ds_cpl vmx est tm2 ssse3 sdbg fma cx16 xtpr pdcm pcid sse4_1 sse4_2 x2apic movbe popcnt tsc_deadline_timer aes xsave avx f16c rdrand lahf_lm abm 3dnowprefetch cpuid_fault epb invpcid_single pti retpoline intel_pt rsb_ctxsw tpr_shadow vnmi flexpriority ept vpid fsgsbase tsc_adjust bmi1 avx2 smep bmi2 erms invpcid mpx rdseed adx smap clflushopt xsaveopt xsavec xgetbv1 xsaves dtherm ida arat pln pts hwp hwp_notify hwp_act_window hwp_epp
bugs		: cpu_meltdown spectre_v1 spectre_v2 spec_store_bypass
bogomips	: 5616.00
clflush size	: 64
cache_alignment	: 64
address sizes	: 39 bits physical, 48 bits virtual
power management:

processor	: 3
vendor_id	: GenuineIntel
cpu family	: 6
model		: 158
model name	: Intel(R) Core(TM) i7-7700HQ CPU @ 2.80GHz
stepping	: 9
microcode	: 0x84
cpu MHz		: 3400.305
cache size	: 6144 KB
physical id	: 0
siblings	: 8
core id		: 3
cpu cores	: 4
apicid		: 6
initial apicid	: 6
fpu		: yes
fpu_exception	: yes
cpuid level	: 22
wp		: yes
flags		: fpu vme de pse tsc msr pae mce cx8 apic sep mtrr pge mca cmov pat pse36 clflush dts acpi mmx fxsr sse sse2 ss ht tm pbe syscall nx pdpe1gb rdtscp lm constant_tsc art arch_perfmon pebs bts rep_good nopl xtopology nonstop_tsc cpuid aperfmperf tsc_known_freq pni pclmulqdq dtes64 monitor ds_cpl vmx est tm2 ssse3 sdbg fma cx16 xtpr pdcm pcid sse4_1 sse4_2 x2apic movbe popcnt tsc_deadline_timer aes xsave avx f16c rdrand lahf_lm abm 3dnowprefetch cpuid_fault epb invpcid_single pti retpoline intel_pt rsb_ctxsw tpr_shadow vnmi flexpriority ept vpid fsgsbase tsc_adjust bmi1 avx2 smep bmi2 erms invpcid mpx rdseed adx smap clflushopt xsaveopt xsavec xgetbv1 xsaves dtherm ida arat pln pts hwp hwp_notify hwp_act_window hwp_epp
bugs		: cpu_meltdown spectre_v1 spectre_v2 spec_store_bypass
bogomips	: 5616.00
clflush size	: 64
cache_alignment	: 64
address sizes	: 39 bits physical, 48 bits virtual
power management:

processor	: 4
vendor_id	: GenuineIntel
cpu family	: 6
model		: 158
model name	: Intel(R) Core(TM) i7-7700HQ CPU @ 2.80GHz
stepping	: 9
microcode	: 0x84
cpu MHz		: 3400.000
cache size	: 6144 KB
physical id	: 0
siblings	: 8
core id		: 0
cpu cores	: 4
apicid		: 1
initial apicid	: 1
fpu		: yes
fpu_exception	: yes
cpuid level	: 22
wp		: yes
flags		: fpu vme de pse tsc msr pae mce cx8 apic sep mtrr pge mca cmov pat pse36 clflush dts acpi mmx fxsr sse sse2 ss ht tm pbe syscall nx pdpe1gb rdtscp lm constant_tsc art arch_perfmon pebs bts rep_good nopl xtopology nonstop_tsc cpuid aperfmperf tsc_known_freq pni pclmulqdq dtes64 monitor ds_cpl vmx est tm2 ssse3 sdbg fma cx16 xtpr pdcm pcid sse4_1 sse4_2 x2apic movbe popcnt tsc_deadline_timer aes xsave avx f16c rdrand lahf_lm abm 3dnowprefetch cpuid_fault epb invpcid_single pti retpoline intel_pt rsb_ctxsw spec_ctrl tpr_shadow vnmi flexpriority ept vpid fsgsbase tsc_adjust bmi1 avx2 smep bmi2 erms invpcid mpx rdseed adx smap clflushopt xsaveopt xsavec xgetbv1 xsaves dtherm ida arat pln pts hwp hwp_notify hwp_act_window hwp_epp
bugs		: cpu_meltdown spectre_v1 spectre_v2 spec_store_bypass
bogomips	: 5616.00
clflush size	: 64
cache_alignment	: 64
address sizes	: 39 bits physical, 48 bits virtual
power management:

processor	: 5
vendor_id	: GenuineIntel
cpu family	: 6
model		: 158
model name	: Intel(R) Core(TM) i7-7700HQ CPU @ 2.80GHz
stepping	: 9
microcode	: 0x84
cpu MHz		: 3400.021
cache size	: 6144 KB
physical id	: 0
siblings	: 8
core id		: 1
cpu cores	: 4
apicid		: 3
initial apicid	: 3
fpu		: yes
fpu_exception	: yes
cpuid level	: 22
wp		: yes
flags		: fpu vme de pse tsc msr pae mce cx8 apic sep mtrr pge mca cmov pat pse36 clflush dts acpi mmx fxsr sse sse2 ss ht tm pbe syscall nx pdpe1gb rdtscp lm constant_tsc art arch_perfmon pebs bts rep_good nopl xtopology nonstop_tsc cpuid aperfmperf tsc_known_freq pni pclmulqdq dtes64 monitor ds_cpl vmx est tm2 ssse3 sdbg fma cx16 xtpr pdcm pcid sse4_1 sse4_2 x2apic movbe popcnt tsc_deadline_timer aes xsave avx f16c rdrand lahf_lm abm 3dnowprefetch cpuid_fault epb invpcid_single pti retpoline intel_pt rsb_ctxsw spec_ctrl tpr_shadow vnmi flexpriority ept vpid fsgsbase tsc_adjust bmi1 avx2 smep bmi2 erms invpcid mpx rdseed adx smap clflushopt xsaveopt xsavec xgetbv1 xsaves dtherm ida arat pln pts hwp hwp_notify hwp_act_window hwp_epp
bugs		: cpu_meltdown spectre_v1 spectre_v2 spec_store_bypass
bogomips	: 5616.00
clflush size	: 64
cache_alignment	: 64
address sizes	: 39 bits physical, 48 bits virtual
power management:

processor	: 6
vendor_id	: GenuineIntel
cpu family	: 6
model		: 158
model name	: Intel(R) Core(TM) i7-7700HQ CPU @ 2.80GHz
stepping	: 9
microcode	: 0x84
cpu MHz		: 3400.009
cache size	: 6144 KB
physical id	: 0
siblings	: 8
core id		: 2
cpu cores	: 4
apicid		: 5
initial apicid	: 5
fpu		: yes
fpu_exception	: yes
cpuid level	: 22
wp		: yes
flags		: fpu vme de pse tsc msr pae mce cx8 apic sep mtrr pge mca cmov pat pse36 clflush dts acpi mmx fxsr sse sse2 ss ht tm pbe syscall nx pdpe1gb rdtscp lm constant_tsc art arch_perfmon pebs bts rep_good nopl xtopology nonstop_tsc cpuid aperfmperf tsc_known_freq pni pclmulqdq dtes64 monitor ds_cpl vmx est tm2 ssse3 sdbg fma cx16 xtpr pdcm pcid sse4_1 sse4_2 x2apic movbe popcnt tsc_deadline_timer aes xsave avx f16c rdrand lahf_lm abm 3dnowprefetch cpuid_fault epb invpcid_single pti retpoline intel_pt rsb_ctxsw spec_ctrl tpr_shadow vnmi flexpriority ept vpid fsgsbase tsc_adjust bmi1 avx2 smep bmi2 erms invpcid mpx rdseed adx smap clflushopt xsaveopt xsavec xgetbv1 xsaves dtherm ida arat pln pts hwp hwp_notify hwp_act_window hwp_epp
bugs		: cpu_meltdown spectre_v1 spectre_v2 spec_store_bypass
bogomips	: 5616.00
clflush size	: 64
cache_alignment	: 64
address sizes	: 39 bits physical, 48 bits virtual
power management:

processor	: 7
vendor_id	: GenuineIntel
cpu family	: 6
model		: 158
model name	: Intel(R) Core(TM) i7-7700HQ CPU @ 2.80GHz
stepping	: 9
microcode	: 0x84
cpu MHz		: 3400.004
cache size	: 6144 KB
physical id	: 0
siblings	: 8
core id		: 3
cpu cores	: 4
apicid		: 7
initial apicid	: 7
fpu		: yes
fpu_exception	: yes
cpuid level	: 22
wp		: yes
flags		: fpu vme de pse tsc msr pae mce cx8 apic sep mtrr pge mca cmov pat pse36 clflush dts acpi mmx fxsr sse sse2 ss ht tm pbe syscall nx pdpe1gb rdtscp lm constant_tsc art arch_perfmon pebs bts rep_good nopl xtopology nonstop_tsc cpuid aperfmperf tsc_known_freq pni pclmulqdq dtes64 monitor ds_cpl vmx est tm2 ssse3 sdbg fma cx16 xtpr pdcm pcid sse4_1 sse4_2 x2apic movbe popcnt tsc_deadline_timer aes xsave avx f16c rdrand lahf_lm abm 3dnowprefetch cpuid_fault epb invpcid_single pti retpoline intel_pt rsb_ctxsw spec_ctrl tpr_shadow vnmi flexpriority ept vpid fsgsbase tsc_adjust bmi1 avx2 smep bmi2 erms invpcid mpx rdseed adx smap clflushopt xsaveopt xsavec xgetbv1 xsaves dtherm ida arat pln pts hwp hwp_notify hwp_act_window hwp_epp
bugs		: cpu_meltdown spectre_v1 spectre_v2 spec_store_bypass
bogomips	: 5616.00
clflush size	: 64
cache_alignment	: 64
address sizes	: 39 bits physical, 48 bits virtual
power management:



Memory: 4k page, physical 16303884k(188424k free), swap 0k(0k free)

vm_info: OpenJDK 64-Bit Server VM (25.171-b11) for linux-amd64 JRE (1.8.0_171-8u171-b11-0ubuntu0.17.10.1-b11), built on Apr 26 2018 15:59:34 by "buildd" with gcc 7.2.0

time: Wed Jun  5 13:38:15 2019
elapsed time: 0 seconds (0d 0h 0m 0s)

