#
# There is insufficient memory for the Java Runtime Environment to continue.
# Native memory allocation (mmap) failed to map 175112192 bytes for committing reserved memory.
# Possible reasons:
#   The system is out of physical RAM or swap space
#   In 32 bit mode, the process size limit was hit
# Possible solutions:
#   Reduce memory load on the system
#   Increase physical memory or swap space
#   Check if swap backing store is full
#   Use 64 bit Java on a 64 bit OS
#   Decrease Java heap size (-Xmx/-Xms)
#   Decrease number of Java threads
#   Decrease Java thread stack sizes (-Xss)
#   Set larger code cache with -XX:ReservedCodeCacheSize=
# This output file may be truncated or incomplete.
#
#  Out of Memory Error (os_linux.cpp:2643), pid=1791, tid=0x00007f9ce0ca1700
#
# JRE version:  (8.0_171-b11) (build )
# Java VM: OpenJDK 64-Bit Server VM (25.171-b11 mixed mode linux-amd64 compressed oops)
# Failed to write core dump. Core dumps have been disabled. To enable core dumping, try "ulimit -c unlimited" before starting Java again
#

---------------  T H R E A D  ---------------

Current thread (0x00007f9cd800d000):  JavaThread "Unknown thread" [_thread_in_vm, id=1798, stack(0x00007f9ce0ba1000,0x00007f9ce0ca2000)]

Stack: [0x00007f9ce0ba1000,0x00007f9ce0ca2000],  sp=0x00007f9ce0ca05a0,  free space=1021k
Native frames: (J=compiled Java code, j=interpreted, Vv=VM code, C=native code)
V  [libjvm.so+0xaab4b2]
V  [libjvm.so+0x4d7a57]
V  [libjvm.so+0x8e6740]
V  [libjvm.so+0x8e0c9e]
V  [libjvm.so+0x9614b6]
V  [libjvm.so+0x9517ec]
V  [libjvm.so+0x2b2f0e]
V  [libjvm.so+0x90e441]
V  [libjvm.so+0xa6daaa]
V  [libjvm.so+0xa6dd95]
V  [libjvm.so+0x623d5f]
V  [libjvm.so+0xa514eb]
V  [libjvm.so+0x6a6db1]  JNI_CreateJavaVM+0x61
C  [libjli.so+0x2ce3]
C  [libjli.so+0x777d]
C  [libpthread.so.0+0x77fc]  start_thread+0xdc


---------------  P R O C E S S  ---------------

Java Threads: ( => current thread )

Other Threads:

=>0x00007f9cd800d000 (exited) JavaThread "Unknown thread" [_thread_in_vm, id=1798, stack(0x00007f9ce0ba1000,0x00007f9ce0ca2000)]

VM state:not at safepoint (not fully initialized)

VM Mutex/Monitor currently owned by a thread: None

GC Heap History (0 events):
No events

Deoptimization events (0 events):
No events

Classes redefined (0 events):
No events

Internal exceptions (0 events):
No events

Events (0 events):
No events


Dynamic libraries:
6d1900000-76d100000 ---p 00000000 00:00 0 
76d100000-772400000 rw-p 00000000 00:00 0 
772400000-7c0000000 ---p 00000000 00:00 0 
55be8e8ce000-55be8e8cf000 r-xp 00000000 08:02 1180524                    /usr/lib/jvm/java-8-openjdk-amd64/jre/bin/java
55be8eace000-55be8eacf000 r--p 00000000 08:02 1180524                    /usr/lib/jvm/java-8-openjdk-amd64/jre/bin/java
55be8eacf000-55be8ead0000 rw-p 00001000 08:02 1180524                    /usr/lib/jvm/java-8-openjdk-amd64/jre/bin/java
55be8ec88000-55be8eca9000 rw-p 00000000 00:00 0                          [heap]
7f9cc9000000-7f9cc9270000 rwxp 00000000 00:00 0 
7f9cc9270000-7f9cd8000000 ---p 00000000 00:00 0 
7f9cd8000000-7f9cd8034000 rw-p 00000000 00:00 0 
7f9cd8034000-7f9cdc000000 ---p 00000000 00:00 0 
7f9cdc9e6000-7f9cdcf15000 ---p 00000000 00:00 0 
7f9cdcf15000-7f9cdcf3f000 rw-p 00000000 00:00 0 
7f9cdcf3f000-7f9cdd1ad000 ---p 00000000 00:00 0 
7f9cdd1ad000-7f9cdd1b8000 rw-p 00000000 00:00 0 
7f9cdd1b8000-7f9cdd56e000 ---p 00000000 00:00 0 
7f9cdd56e000-7f9cdd576000 r-xp 00000000 08:02 1180576                    /usr/lib/jvm/java-8-openjdk-amd64/jre/lib/amd64/libzip.so
7f9cdd576000-7f9cdd775000 ---p 00008000 08:02 1180576                    /usr/lib/jvm/java-8-openjdk-amd64/jre/lib/amd64/libzip.so
7f9cdd775000-7f9cdd776000 r--p 00007000 08:02 1180576                    /usr/lib/jvm/java-8-openjdk-amd64/jre/lib/amd64/libzip.so
7f9cdd776000-7f9cdd777000 rw-p 00008000 08:02 1180576                    /usr/lib/jvm/java-8-openjdk-amd64/jre/lib/amd64/libzip.so
7f9cdd777000-7f9cdd782000 r-xp 00000000 08:02 12325391                   /lib/x86_64-linux-gnu/libnss_files-2.26.so
7f9cdd782000-7f9cdd981000 ---p 0000b000 08:02 12325391                   /lib/x86_64-linux-gnu/libnss_files-2.26.so
7f9cdd981000-7f9cdd982000 r--p 0000a000 08:02 12325391                   /lib/x86_64-linux-gnu/libnss_files-2.26.so
7f9cdd982000-7f9cdd983000 rw-p 0000b000 08:02 12325391                   /lib/x86_64-linux-gnu/libnss_files-2.26.so
7f9cdd983000-7f9cdd989000 rw-p 00000000 00:00 0 
7f9cdd989000-7f9cdd994000 r-xp 00000000 08:02 12325416                   /lib/x86_64-linux-gnu/libnss_nis-2.26.so
7f9cdd994000-7f9cddb93000 ---p 0000b000 08:02 12325416                   /lib/x86_64-linux-gnu/libnss_nis-2.26.so
7f9cddb93000-7f9cddb94000 r--p 0000a000 08:02 12325416                   /lib/x86_64-linux-gnu/libnss_nis-2.26.so
7f9cddb94000-7f9cddb95000 rw-p 0000b000 08:02 12325416                   /lib/x86_64-linux-gnu/libnss_nis-2.26.so
7f9cddb95000-7f9cddbac000 r-xp 00000000 08:02 12325334                   /lib/x86_64-linux-gnu/libnsl-2.26.so
7f9cddbac000-7f9cdddab000 ---p 00017000 08:02 12325334                   /lib/x86_64-linux-gnu/libnsl-2.26.so
7f9cdddab000-7f9cdddac000 r--p 00016000 08:02 12325334                   /lib/x86_64-linux-gnu/libnsl-2.26.so
7f9cdddac000-7f9cdddad000 rw-p 00017000 08:02 12325334                   /lib/x86_64-linux-gnu/libnsl-2.26.so
7f9cdddad000-7f9cdddaf000 rw-p 00000000 00:00 0 
7f9cdddaf000-7f9cdddb7000 r-xp 00000000 08:02 12325335                   /lib/x86_64-linux-gnu/libnss_compat-2.26.so
7f9cdddb7000-7f9cddfb6000 ---p 00008000 08:02 12325335                   /lib/x86_64-linux-gnu/libnss_compat-2.26.so
7f9cddfb6000-7f9cddfb7000 r--p 00007000 08:02 12325335                   /lib/x86_64-linux-gnu/libnss_compat-2.26.so
7f9cddfb7000-7f9cddfb8000 rw-p 00008000 08:02 12325335                   /lib/x86_64-linux-gnu/libnss_compat-2.26.so
7f9cddfb8000-7f9cddfe6000 r-xp 00000000 08:02 1180555                    /usr/lib/jvm/java-8-openjdk-amd64/jre/lib/amd64/libjava.so
7f9cddfe6000-7f9cde1e5000 ---p 0002e000 08:02 1180555                    /usr/lib/jvm/java-8-openjdk-amd64/jre/lib/amd64/libjava.so
7f9cde1e5000-7f9cde1e6000 r--p 0002d000 08:02 1180555                    /usr/lib/jvm/java-8-openjdk-amd64/jre/lib/amd64/libjava.so
7f9cde1e6000-7f9cde1e8000 rw-p 0002e000 08:02 1180555                    /usr/lib/jvm/java-8-openjdk-amd64/jre/lib/amd64/libjava.so
7f9cde1e8000-7f9cde1f8000 r-xp 00000000 08:02 1180575                    /usr/lib/jvm/java-8-openjdk-amd64/jre/lib/amd64/libverify.so
7f9cde1f8000-7f9cde3f7000 ---p 00010000 08:02 1180575                    /usr/lib/jvm/java-8-openjdk-amd64/jre/lib/amd64/libverify.so
7f9cde3f7000-7f9cde3f9000 r--p 0000f000 08:02 1180575                    /usr/lib/jvm/java-8-openjdk-amd64/jre/lib/amd64/libverify.so
7f9cde3f9000-7f9cde3fa000 rw-p 00011000 08:02 1180575                    /usr/lib/jvm/java-8-openjdk-amd64/jre/lib/amd64/libverify.so
7f9cde3fa000-7f9cde401000 r-xp 00000000 08:02 12326094                   /lib/x86_64-linux-gnu/librt-2.26.so
7f9cde401000-7f9cde600000 ---p 00007000 08:02 12326094                   /lib/x86_64-linux-gnu/librt-2.26.so
7f9cde600000-7f9cde601000 r--p 00006000 08:02 12326094                   /lib/x86_64-linux-gnu/librt-2.26.so
7f9cde601000-7f9cde602000 rw-p 00007000 08:02 12326094                   /lib/x86_64-linux-gnu/librt-2.26.so
7f9cde602000-7f9cde618000 r-xp 00000000 08:02 12320784                   /lib/x86_64-linux-gnu/libgcc_s.so.1
7f9cde618000-7f9cde817000 ---p 00016000 08:02 12320784                   /lib/x86_64-linux-gnu/libgcc_s.so.1
7f9cde817000-7f9cde818000 r--p 00015000 08:02 12320784                   /lib/x86_64-linux-gnu/libgcc_s.so.1
7f9cde818000-7f9cde819000 rw-p 00016000 08:02 12320784                   /lib/x86_64-linux-gnu/libgcc_s.so.1
7f9cde819000-7f9cde96e000 r-xp 00000000 08:02 12325296                   /lib/x86_64-linux-gnu/libm-2.26.so
7f9cde96e000-7f9cdeb6d000 ---p 00155000 08:02 12325296                   /lib/x86_64-linux-gnu/libm-2.26.so
7f9cdeb6d000-7f9cdeb6e000 r--p 00154000 08:02 12325296                   /lib/x86_64-linux-gnu/libm-2.26.so
7f9cdeb6e000-7f9cdeb6f000 rw-p 00155000 08:02 12325296                   /lib/x86_64-linux-gnu/libm-2.26.so
7f9cdeb6f000-7f9cdece7000 r-xp 00000000 08:02 1048762                    /usr/lib/x86_64-linux-gnu/libstdc++.so.6.0.24
7f9cdece7000-7f9cdeee6000 ---p 00178000 08:02 1048762                    /usr/lib/x86_64-linux-gnu/libstdc++.so.6.0.24
7f9cdeee6000-7f9cdeef0000 r--p 00177000 08:02 1048762                    /usr/lib/x86_64-linux-gnu/libstdc++.so.6.0.24
7f9cdeef0000-7f9cdeef2000 rw-p 00181000 08:02 1048762                    /usr/lib/x86_64-linux-gnu/libstdc++.so.6.0.24
7f9cdeef2000-7f9cdeef5000 rw-p 00000000 00:00 0 
7f9cdeef5000-7f9cdfb86000 r-xp 00000000 08:02 1180578                    /usr/lib/jvm/java-8-openjdk-amd64/jre/lib/amd64/server/libjvm.so
7f9cdfb86000-7f9cdfd86000 ---p 00c91000 08:02 1180578                    /usr/lib/jvm/java-8-openjdk-amd64/jre/lib/amd64/server/libjvm.so
7f9cdfd86000-7f9cdfe19000 r--p 00c91000 08:02 1180578                    /usr/lib/jvm/java-8-openjdk-amd64/jre/lib/amd64/server/libjvm.so
7f9cdfe19000-7f9cdfe41000 rw-p 00d24000 08:02 1180578                    /usr/lib/jvm/java-8-openjdk-amd64/jre/lib/amd64/server/libjvm.so
7f9cdfe41000-7f9cdfe72000 rw-p 00000000 00:00 0 
7f9cdfe72000-7f9cdfe8c000 r-xp 00000000 08:02 12326092                   /lib/x86_64-linux-gnu/libpthread-2.26.so
7f9cdfe8c000-7f9ce008b000 ---p 0001a000 08:02 12326092                   /lib/x86_64-linux-gnu/libpthread-2.26.so
7f9ce008b000-7f9ce008c000 r--p 00019000 08:02 12326092                   /lib/x86_64-linux-gnu/libpthread-2.26.so
7f9ce008c000-7f9ce008d000 rw-p 0001a000 08:02 12326092                   /lib/x86_64-linux-gnu/libpthread-2.26.so
7f9ce008d000-7f9ce0091000 rw-p 00000000 00:00 0 
7f9ce0091000-7f9ce0094000 r-xp 00000000 08:02 12325295                   /lib/x86_64-linux-gnu/libdl-2.26.so
7f9ce0094000-7f9ce0293000 ---p 00003000 08:02 12325295                   /lib/x86_64-linux-gnu/libdl-2.26.so
7f9ce0293000-7f9ce0294000 r--p 00002000 08:02 12325295                   /lib/x86_64-linux-gnu/libdl-2.26.so
7f9ce0294000-7f9ce0295000 rw-p 00003000 08:02 12325295                   /lib/x86_64-linux-gnu/libdl-2.26.so
7f9ce0295000-7f9ce02b1000 r-xp 00000000 08:02 12325453                   /lib/x86_64-linux-gnu/libz.so.1.2.11
7f9ce02b1000-7f9ce04b0000 ---p 0001c000 08:02 12325453                   /lib/x86_64-linux-gnu/libz.so.1.2.11
7f9ce04b0000-7f9ce04b1000 r--p 0001b000 08:02 12325453                   /lib/x86_64-linux-gnu/libz.so.1.2.11
7f9ce04b1000-7f9ce04b2000 rw-p 0001c000 08:02 12325453                   /lib/x86_64-linux-gnu/libz.so.1.2.11
7f9ce04b2000-7f9ce0688000 r-xp 00000000 08:02 12325292                   /lib/x86_64-linux-gnu/libc-2.26.so
7f9ce0688000-7f9ce0888000 ---p 001d6000 08:02 12325292                   /lib/x86_64-linux-gnu/libc-2.26.so
7f9ce0888000-7f9ce088c000 r--p 001d6000 08:02 12325292                   /lib/x86_64-linux-gnu/libc-2.26.so
7f9ce088c000-7f9ce088e000 rw-p 001da000 08:02 12325292                   /lib/x86_64-linux-gnu/libc-2.26.so
7f9ce088e000-7f9ce0892000 rw-p 00000000 00:00 0 
7f9ce0892000-7f9ce08a0000 r-xp 00000000 08:02 1180540                    /usr/lib/jvm/java-8-openjdk-amd64/jre/lib/amd64/jli/libjli.so
7f9ce08a0000-7f9ce0a9f000 ---p 0000e000 08:02 1180540                    /usr/lib/jvm/java-8-openjdk-amd64/jre/lib/amd64/jli/libjli.so
7f9ce0a9f000-7f9ce0aa0000 r--p 0000d000 08:02 1180540                    /usr/lib/jvm/java-8-openjdk-amd64/jre/lib/amd64/jli/libjli.so
7f9ce0aa0000-7f9ce0aa1000 rw-p 0000e000 08:02 1180540                    /usr/lib/jvm/java-8-openjdk-amd64/jre/lib/amd64/jli/libjli.so
7f9ce0aa1000-7f9ce0ac8000 r-xp 00000000 08:02 12320792                   /lib/x86_64-linux-gnu/ld-2.26.so
7f9ce0ba1000-7f9ce0ba4000 ---p 00000000 00:00 0 
7f9ce0ba4000-7f9ce0ca4000 rw-p 00000000 00:00 0 
7f9ce0cbc000-7f9ce0cc4000 rw-s 00000000 08:02 21896930                   /tmp/hsperfdata_khoudi/1791
7f9ce0cc4000-7f9ce0cc5000 rw-p 00000000 00:00 0 
7f9ce0cc5000-7f9ce0cc6000 r--p 00000000 00:00 0 
7f9ce0cc6000-7f9ce0cc8000 rw-p 00000000 00:00 0 
7f9ce0cc8000-7f9ce0cc9000 r--p 00027000 08:02 12320792                   /lib/x86_64-linux-gnu/ld-2.26.so
7f9ce0cc9000-7f9ce0cca000 rw-p 00028000 08:02 12320792                   /lib/x86_64-linux-gnu/ld-2.26.so
7f9ce0cca000-7f9ce0ccb000 rw-p 00000000 00:00 0 
7ffe0b6ea000-7ffe0b70d000 rw-p 00000000 00:00 0                          [stack]
7ffe0b745000-7ffe0b748000 r--p 00000000 00:00 0                          [vvar]
7ffe0b748000-7ffe0b74a000 r-xp 00000000 00:00 0                          [vdso]
ffffffffff600000-ffffffffff601000 r-xp 00000000 00:00 0                  [vsyscall]

VM Arguments:
java_command: gui.CreateGroup
java_class_path (initial): /home/khoudi/Documents/M1 Dauphine/AppliReseau/target/classes:/home/khoudi/.m2/repository/javax/persistence/javax.persistence-api/2.2/javax.persistence-api-2.2.jar:/home/khoudi/.m2/repository/org/springframework/data/spring-data-jpa/2.1.6.RELEASE/spring-data-jpa-2.1.6.RELEASE.jar:/home/khoudi/.m2/repository/org/springframework/data/spring-data-commons/2.1.6.RELEASE/spring-data-commons-2.1.6.RELEASE.jar:/home/khoudi/.m2/repository/org/springframework/spring-orm/5.1.6.RELEASE/spring-orm-5.1.6.RELEASE.jar:/home/khoudi/.m2/repository/org/springframework/spring-jdbc/5.1.6.RELEASE/spring-jdbc-5.1.6.RELEASE.jar:/home/khoudi/.m2/repository/org/springframework/spring-context/5.1.6.RELEASE/spring-context-5.1.6.RELEASE.jar:/home/khoudi/.m2/repository/org/springframework/spring-expression/5.1.6.RELEASE/spring-expression-5.1.6.RELEASE.jar:/home/khoudi/.m2/repository/org/springframework/spring-aop/5.1.6.RELEASE/spring-aop-5.1.6.RELEASE.jar:/home/khoudi/.m2/repository/org/springframework/spring-tx/5.1.6.RELEASE/spring-tx-5.1.6.RELEASE.jar:/home/khoudi/.m2/repository/org/springframework/spring-beans/5.1.6.RELEASE/spring-beans-5.1.6.RELEASE.jar:/home/khoudi/.m2/repository/org/springframework/spring-core/5.1.6.RELEASE/spring-core-5.1.6.RELEASE.jar:/home/khoudi/.m2/repository/org/springframework/spring-jcl/5.1.6.RELEASE/spring-jcl-5.1.6.RELEASE.jar:/home/khoudi/.m2/repository/org/aspectj/aspectjrt/1.9.2/aspectjrt-1.9.2.jar:/home/khoudi/.m2/repository/org/slf4j/slf4j-api/1.7.25/slf4j-api-1.7.25.jar:/home/khoudi/.m2/repository/mysql/mysql-connector-java/5.1.23/mysql-connector-java-5.1.23.jar:/home/khoudi/.m2/repository/com/googlecode/json-simple/json-simple/1.1/json-simple-1.1.jar:/home/khoudi/.m2/repository/org/json/json/20180813/json-20180813.jar:/home/khoudi/.m2/repository/postgresql/postgresql/9.1-901-1.jdbc4/postgresql-9.1-901-1.jdbc4.jar:/home/khoudi/.m2/repository/io/javalin/javalin/2.8.0/javalin-2.8.0.jar:/home/khoudi/.m2/repository/org/jetbrains/kot
Launcher Type: SUN_STANDARD

Environment Variables:
JAVA_HOME=/usr/lib/jvm/java-1.8.0-openjdk-amd64
PATH=PATH=/opt/maven/bin:/usr/local/sbin:/usr/local/bin:/usr/sbin:/usr/bin:/sbin:/bin:/usr/games:/usr/local/games:/snap/bin:/home/khoudi/bin:/usr/local/java/jdk1.8.0_161/bin:/usr/lib/jvm/jdk-11.0.1/bin
USERNAME=khoudi
LD_LIBRARY_PATH=/usr/lib/jvm/java-1.8.0-openjdk-amd64/jre/lib/amd64:/usr/lib/jvm/java-1.8.0-openjdk-amd64/jre/lib/i386:
SHELL=/bin/bash
DISPLAY=:1

Signal Handlers:
SIGSEGV: [libjvm.so+0xaabe00], sa_mask[0]=11111111011111111101111111111110, sa_flags=SA_RESTART|SA_SIGINFO
SIGBUS: [libjvm.so+0xaabe00], sa_mask[0]=11111111011111111101111111111110, sa_flags=SA_RESTART|SA_SIGINFO
SIGFPE: [libjvm.so+0x8e1dd0], sa_mask[0]=11111111011111111101111111111110, sa_flags=SA_RESTART|SA_SIGINFO
SIGPIPE: [libjvm.so+0x8e1dd0], sa_mask[0]=11111111011111111101111111111110, sa_flags=SA_RESTART|SA_SIGINFO
SIGXFSZ: [libjvm.so+0x8e1dd0], sa_mask[0]=11111111011111111101111111111110, sa_flags=SA_RESTART|SA_SIGINFO
SIGILL: [libjvm.so+0x8e1dd0], sa_mask[0]=11111111011111111101111111111110, sa_flags=SA_RESTART|SA_SIGINFO
SIGUSR1: SIG_DFL, sa_mask[0]=00000000000000000000000000000000, sa_flags=none
SIGUSR2: [libjvm.so+0x8e1c80], sa_mask[0]=00100000000000000000000000000000, sa_flags=SA_RESTART|SA_SIGINFO
SIGHUP: SIG_DFL, sa_mask[0]=00000000000000000000000000000000, sa_flags=none
SIGINT: SIG_IGN, sa_mask[0]=00000000000000000000000000000000, sa_flags=none
SIGTERM: SIG_DFL, sa_mask[0]=00000000000000000000000000000000, sa_flags=none
SIGQUIT: SIG_DFL, sa_mask[0]=00000000000000000000000000000000, sa_flags=none


---------------  S Y S T E M  ---------------

OS:DISTRIB_ID=Ubuntu
DISTRIB_RELEASE=17.10
DISTRIB_CODENAME=artful
DISTRIB_DESCRIPTION="Ubuntu 17.10"

uname:Linux 4.13.0-46-generic #51-Ubuntu SMP Tue Jun 12 12:36:29 UTC 2018 x86_64
libc:glibc 2.26 NPTL 2.26 
rlimit: STACK 8192k, CORE 0k, NPROC 63038, NOFILE 4096, AS infinity
load average:7.83 2.82 1.74

/proc/meminfo:
MemTotal:       16303884 kB
MemFree:          162332 kB
MemAvailable:      46012 kB
Buffers:            6472 kB
Cached:           350428 kB
SwapCached:            0 kB
Active:         15353512 kB
Inactive:         319264 kB
Active(anon):   15327372 kB
Inactive(anon):   281444 kB
Active(file):      26140 kB
Inactive(file):    37820 kB
Unevictable:         144 kB
Mlocked:             144 kB
SwapTotal:             0 kB
SwapFree:              0 kB
Dirty:               292 kB
Writeback:             0 kB
AnonPages:      15316212 kB
Mapped:           421252 kB
Shmem:            292772 kB
Slab:             144840 kB
SReclaimable:      58196 kB
SUnreclaim:        86644 kB
KernelStack:       22096 kB
PageTables:       100752 kB
NFS_Unstable:          0 kB
Bounce:                0 kB
WritebackTmp:          0 kB
CommitLimit:     8151940 kB
Committed_AS:   18508820 kB
VmallocTotal:   34359738367 kB
VmallocUsed:           0 kB
VmallocChunk:          0 kB
HardwareCorrupted:     0 kB
AnonHugePages:         0 kB
ShmemHugePages:        0 kB
ShmemPmdMapped:        0 kB
CmaTotal:              0 kB
CmaFree:               0 kB
HugePages_Total:       0
HugePages_Free:        0
HugePages_Rsvd:        0
HugePages_Surp:        0
Hugepagesize:       2048 kB
DirectMap4k:      406856 kB
DirectMap2M:    15200256 kB
DirectMap1G:     1048576 kB


CPU:total 8 (initial active 8) (4 cores per cpu, 2 threads per core) family 6 model 158 stepping 9, cmov, cx8, fxsr, mmx, sse, sse2, sse3, ssse3, sse4.1, sse4.2, popcnt, avx, avx2, aes, clmul, erms, 3dnowpref, lzcnt, ht, tsc, tscinvbit, bmi1, bmi2, adx

/proc/cpuinfo:
processor	: 0
vendor_id	: GenuineIntel
cpu family	: 6
model		: 158
model name	: Intel(R) Core(TM) i7-7700HQ CPU @ 2.80GHz
stepping	: 9
microcode	: 0x84
cpu MHz		: 900.000
cache size	: 6144 KB
physical id	: 0
siblings	: 8
core id		: 0
cpu cores	: 4
apicid		: 0
initial apicid	: 0
fpu		: yes
fpu_exception	: yes
cpuid level	: 22
wp		: yes
flags		: fpu vme de pse tsc msr pae mce cx8 apic sep mtrr pge mca cmov pat pse36 clflush dts acpi mmx fxsr sse sse2 ss ht tm pbe syscall nx pdpe1gb rdtscp lm constant_tsc art arch_perfmon pebs bts rep_good nopl xtopology nonstop_tsc cpuid aperfmperf tsc_known_freq pni pclmulqdq dtes64 monitor ds_cpl vmx est tm2 ssse3 sdbg fma cx16 xtpr pdcm pcid sse4_1 sse4_2 x2apic movbe popcnt tsc_deadline_timer aes xsave avx f16c rdrand lahf_lm abm 3dnowprefetch cpuid_fault epb invpcid_single pti retpoline intel_pt rsb_ctxsw spec_ctrl tpr_shadow vnmi flexpriority ept vpid fsgsbase tsc_adjust bmi1 avx2 smep bmi2 erms invpcid mpx rdseed adx smap clflushopt xsaveopt xsavec xgetbv1 xsaves dtherm ida arat pln pts hwp hwp_notify hwp_act_window hwp_epp
bugs		: cpu_meltdown spectre_v1 spectre_v2 spec_store_bypass
bogomips	: 5616.00
clflush size	: 64
cache_alignment	: 64
address sizes	: 39 bits physical, 48 bits virtual
power management:

processor	: 1
vendor_id	: GenuineIntel
cpu family	: 6
model		: 158
model name	: Intel(R) Core(TM) i7-7700HQ CPU @ 2.80GHz
stepping	: 9
microcode	: 0x84
cpu MHz		: 900.137
cache size	: 6144 KB
physical id	: 0
siblings	: 8
core id		: 1
cpu cores	: 4
apicid		: 2
initial apicid	: 2
fpu		: yes
fpu_exception	: yes
cpuid level	: 22
wp		: yes
flags		: fpu vme de pse tsc msr pae mce cx8 apic sep mtrr pge mca cmov pat pse36 clflush dts acpi mmx fxsr sse sse2 ss ht tm pbe syscall nx pdpe1gb rdtscp lm constant_tsc art arch_perfmon pebs bts rep_good nopl xtopology nonstop_tsc cpuid aperfmperf tsc_known_freq pni pclmulqdq dtes64 monitor ds_cpl vmx est tm2 ssse3 sdbg fma cx16 xtpr pdcm pcid sse4_1 sse4_2 x2apic movbe popcnt tsc_deadline_timer aes xsave avx f16c rdrand lahf_lm abm 3dnowprefetch cpuid_fault epb invpcid_single pti retpoline intel_pt rsb_ctxsw tpr_shadow vnmi flexpriority ept vpid fsgsbase tsc_adjust bmi1 avx2 smep bmi2 erms invpcid mpx rdseed adx smap clflushopt xsaveopt xsavec xgetbv1 xsaves dtherm ida arat pln pts hwp hwp_notify hwp_act_window hwp_epp
bugs		: cpu_meltdown spectre_v1 spectre_v2 spec_store_bypass
bogomips	: 5616.00
clflush size	: 64
cache_alignment	: 64
address sizes	: 39 bits physical, 48 bits virtual
power management:

processor	: 2
vendor_id	: GenuineIntel
cpu family	: 6
model		: 158
model name	: Intel(R) Core(TM) i7-7700HQ CPU @ 2.80GHz
stepping	: 9
microcode	: 0x84
cpu MHz		: 900.080
cache size	: 6144 KB
physical id	: 0
siblings	: 8
core id		: 2
cpu cores	: 4
apicid		: 4
initial apicid	: 4
fpu		: yes
fpu_exception	: yes
cpuid level	: 22
wp		: yes
flags		: fpu vme de pse tsc msr pae mce cx8 apic sep mtrr pge mca cmov pat pse36 clflush dts acpi mmx fxsr sse sse2 ss ht tm pbe syscall nx pdpe1gb rdtscp lm constant_tsc art arch_perfmon pebs bts rep_good nopl xtopology nonstop_tsc cpuid aperfmperf tsc_known_freq pni pclmulqdq dtes64 monitor ds_cpl vmx est tm2 ssse3 sdbg fma cx16 xtpr pdcm pcid sse4_1 sse4_2 x2apic movbe popcnt tsc_deadline_timer aes xsave avx f16c rdrand lahf_lm abm 3dnowprefetch cpuid_fault epb invpcid_single pti retpoline intel_pt rsb_ctxsw tpr_shadow vnmi flexpriority ept vpid fsgsbase tsc_adjust bmi1 avx2 smep bmi2 erms invpcid mpx rdseed adx smap clflushopt xsaveopt xsavec xgetbv1 xsaves dtherm ida arat pln pts hwp hwp_notify hwp_act_window hwp_epp
bugs		: cpu_meltdown spectre_v1 spectre_v2 spec_store_bypass
bogomips	: 5616.00
clflush size	: 64
cache_alignment	: 64
address sizes	: 39 bits physical, 48 bits virtual
power management:

processor	: 3
vendor_id	: GenuineIntel
cpu family	: 6
model		: 158
model name	: Intel(R) Core(TM) i7-7700HQ CPU @ 2.80GHz
stepping	: 9
microcode	: 0x84
cpu MHz		: 900.046
cache size	: 6144 KB
physical id	: 0
siblings	: 8
core id		: 3
cpu cores	: 4
apicid		: 6
initial apicid	: 6
fpu		: yes
fpu_exception	: yes
cpuid level	: 22
wp		: yes
flags		: fpu vme de pse tsc msr pae mce cx8 apic sep mtrr pge mca cmov pat pse36 clflush dts acpi mmx fxsr sse sse2 ss ht tm pbe syscall nx pdpe1gb rdtscp lm constant_tsc art arch_perfmon pebs bts rep_good nopl xtopology nonstop_tsc cpuid aperfmperf tsc_known_freq pni pclmulqdq dtes64 monitor ds_cpl vmx est tm2 ssse3 sdbg fma cx16 xtpr pdcm pcid sse4_1 sse4_2 x2apic movbe popcnt tsc_deadline_timer aes xsave avx f16c rdrand lahf_lm abm 3dnowprefetch cpuid_fault epb invpcid_single pti retpoline intel_pt rsb_ctxsw tpr_shadow vnmi flexpriority ept vpid fsgsbase tsc_adjust bmi1 avx2 smep bmi2 erms invpcid mpx rdseed adx smap clflushopt xsaveopt xsavec xgetbv1 xsaves dtherm ida arat pln pts hwp hwp_notify hwp_act_window hwp_epp
bugs		: cpu_meltdown spectre_v1 spectre_v2 spec_store_bypass
bogomips	: 5616.00
clflush size	: 64
cache_alignment	: 64
address sizes	: 39 bits physical, 48 bits virtual
power management:

processor	: 4
vendor_id	: GenuineIntel
cpu family	: 6
model		: 158
model name	: Intel(R) Core(TM) i7-7700HQ CPU @ 2.80GHz
stepping	: 9
microcode	: 0x84
cpu MHz		: 898.856
cache size	: 6144 KB
physical id	: 0
siblings	: 8
core id		: 0
cpu cores	: 4
apicid		: 1
initial apicid	: 1
fpu		: yes
fpu_exception	: yes
cpuid level	: 22
wp		: yes
flags		: fpu vme de pse tsc msr pae mce cx8 apic sep mtrr pge mca cmov pat pse36 clflush dts acpi mmx fxsr sse sse2 ss ht tm pbe syscall nx pdpe1gb rdtscp lm constant_tsc art arch_perfmon pebs bts rep_good nopl xtopology nonstop_tsc cpuid aperfmperf tsc_known_freq pni pclmulqdq dtes64 monitor ds_cpl vmx est tm2 ssse3 sdbg fma cx16 xtpr pdcm pcid sse4_1 sse4_2 x2apic movbe popcnt tsc_deadline_timer aes xsave avx f16c rdrand lahf_lm abm 3dnowprefetch cpuid_fault epb invpcid_single pti retpoline intel_pt rsb_ctxsw spec_ctrl tpr_shadow vnmi flexpriority ept vpid fsgsbase tsc_adjust bmi1 avx2 smep bmi2 erms invpcid mpx rdseed adx smap clflushopt xsaveopt xsavec xgetbv1 xsaves dtherm ida arat pln pts hwp hwp_notify hwp_act_window hwp_epp
bugs		: cpu_meltdown spectre_v1 spectre_v2 spec_store_bypass
bogomips	: 5616.00
clflush size	: 64
cache_alignment	: 64
address sizes	: 39 bits physical, 48 bits virtual
power management:

processor	: 5
vendor_id	: GenuineIntel
cpu family	: 6
model		: 158
model name	: Intel(R) Core(TM) i7-7700HQ CPU @ 2.80GHz
stepping	: 9
microcode	: 0x84
cpu MHz		: 898.919
cache size	: 6144 KB
physical id	: 0
siblings	: 8
core id		: 1
cpu cores	: 4
apicid		: 3
initial apicid	: 3
fpu		: yes
fpu_exception	: yes
cpuid level	: 22
wp		: yes
flags		: fpu vme de pse tsc msr pae mce cx8 apic sep mtrr pge mca cmov pat pse36 clflush dts acpi mmx fxsr sse sse2 ss ht tm pbe syscall nx pdpe1gb rdtscp lm constant_tsc art arch_perfmon pebs bts rep_good nopl xtopology nonstop_tsc cpuid aperfmperf tsc_known_freq pni pclmulqdq dtes64 monitor ds_cpl vmx est tm2 ssse3 sdbg fma cx16 xtpr pdcm pcid sse4_1 sse4_2 x2apic movbe popcnt tsc_deadline_timer aes xsave avx f16c rdrand lahf_lm abm 3dnowprefetch cpuid_fault epb invpcid_single pti retpoline intel_pt rsb_ctxsw spec_ctrl tpr_shadow vnmi flexpriority ept vpid fsgsbase tsc_adjust bmi1 avx2 smep bmi2 erms invpcid mpx rdseed adx smap clflushopt xsaveopt xsavec xgetbv1 xsaves dtherm ida arat pln pts hwp hwp_notify hwp_act_window hwp_epp
bugs		: cpu_meltdown spectre_v1 spectre_v2 spec_store_bypass
bogomips	: 5616.00
clflush size	: 64
cache_alignment	: 64
address sizes	: 39 bits physical, 48 bits virtual
power management:

processor	: 6
vendor_id	: GenuineIntel
cpu family	: 6
model		: 158
model name	: Intel(R) Core(TM) i7-7700HQ CPU @ 2.80GHz
stepping	: 9
microcode	: 0x84
cpu MHz		: 899.861
cache size	: 6144 KB
physical id	: 0
siblings	: 8
core id		: 2
cpu cores	: 4
apicid		: 5
initial apicid	: 5
fpu		: yes
fpu_exception	: yes
cpuid level	: 22
wp		: yes
flags		: fpu vme de pse tsc msr pae mce cx8 apic sep mtrr pge mca cmov pat pse36 clflush dts acpi mmx fxsr sse sse2 ss ht tm pbe syscall nx pdpe1gb rdtscp lm constant_tsc art arch_perfmon pebs bts rep_good nopl xtopology nonstop_tsc cpuid aperfmperf tsc_known_freq pni pclmulqdq dtes64 monitor ds_cpl vmx est tm2 ssse3 sdbg fma cx16 xtpr pdcm pcid sse4_1 sse4_2 x2apic movbe popcnt tsc_deadline_timer aes xsave avx f16c rdrand lahf_lm abm 3dnowprefetch cpuid_fault epb invpcid_single pti retpoline intel_pt rsb_ctxsw spec_ctrl tpr_shadow vnmi flexpriority ept vpid fsgsbase tsc_adjust bmi1 avx2 smep bmi2 erms invpcid mpx rdseed adx smap clflushopt xsaveopt xsavec xgetbv1 xsaves dtherm ida arat pln pts hwp hwp_notify hwp_act_window hwp_epp
bugs		: cpu_meltdown spectre_v1 spectre_v2 spec_store_bypass
bogomips	: 5616.00
clflush size	: 64
cache_alignment	: 64
address sizes	: 39 bits physical, 48 bits virtual
power management:

processor	: 7
vendor_id	: GenuineIntel
cpu family	: 6
model		: 158
model name	: Intel(R) Core(TM) i7-7700HQ CPU @ 2.80GHz
stepping	: 9
microcode	: 0x84
cpu MHz		: 900.074
cache size	: 6144 KB
physical id	: 0
siblings	: 8
core id		: 3
cpu cores	: 4
apicid		: 7
initial apicid	: 7
fpu		: yes
fpu_exception	: yes
cpuid level	: 22
wp		: yes
flags		: fpu vme de pse tsc msr pae mce cx8 apic sep mtrr pge mca cmov pat pse36 clflush dts acpi mmx fxsr sse sse2 ss ht tm pbe syscall nx pdpe1gb rdtscp lm constant_tsc art arch_perfmon pebs bts rep_good nopl xtopology nonstop_tsc cpuid aperfmperf tsc_known_freq pni pclmulqdq dtes64 monitor ds_cpl vmx est tm2 ssse3 sdbg fma cx16 xtpr pdcm pcid sse4_1 sse4_2 x2apic movbe popcnt tsc_deadline_timer aes xsave avx f16c rdrand lahf_lm abm 3dnowprefetch cpuid_fault epb invpcid_single pti retpoline intel_pt rsb_ctxsw spec_ctrl tpr_shadow vnmi flexpriority ept vpid fsgsbase tsc_adjust bmi1 avx2 smep bmi2 erms invpcid mpx rdseed adx smap clflushopt xsaveopt xsavec xgetbv1 xsaves dtherm ida arat pln pts hwp hwp_notify hwp_act_window hwp_epp
bugs		: cpu_meltdown spectre_v1 spectre_v2 spec_store_bypass
bogomips	: 5616.00
clflush size	: 64
cache_alignment	: 64
address sizes	: 39 bits physical, 48 bits virtual
power management:



Memory: 4k page, physical 16303884k(161588k free), swap 0k(0k free)

vm_info: OpenJDK 64-Bit Server VM (25.171-b11) for linux-amd64 JRE (1.8.0_171-8u171-b11-0ubuntu0.17.10.1-b11), built on Apr 26 2018 15:59:34 by "buildd" with gcc 7.2.0

time: Wed Jun  5 13:37:18 2019
elapsed time: 4 seconds (0d 0h 0m 4s)

